<?xml version="1.0" encoding="UTF-8"?>
<!-- Generated by org.testng.reporters.JUnitReportReporter -->
<testsuite hostname="DESKTOP-NRDSN4D" name="robotclass.PageScrolling" tests="1" failures="0" timestamp="23 May 2020 16:54:17 GMT" time="27.674" errors="0">
  <testcase name="PageScroll" time="27.674" classname="robotclass.PageScrolling"/>
</testsuite> <!-- robotclass.PageScrolling -->
