<?xml version="1.0" encoding="UTF-8"?>
<!-- Generated by org.testng.reporters.JUnitReportReporter -->
<testsuite hostname="DESKTOP-NRDSN4D" name="robotclass.ExecuteAsynnScript" tests="1" failures="0" timestamp="23 May 2020 11:32:53 GMT" time="22.393" errors="0">
  <testcase name="Login" time="22.393" classname="robotclass.ExecuteAsynnScript"/>
</testsuite> <!-- robotclass.ExecuteAsynnScript -->
